2026-03-06 21:13:57 [INFO] SYSTEM - [main] 프로세스 시작: KRW-BTC (PID: 6379)
2026-03-06 21:13:57 [ERROR] KRW-BTC - [config] config.ini에 [KRW-BTC] 섹션이 없습니다. DEFAULT값 사용.
2026-03-06 21:13:57 [INFO] KRW-BTC - [KRW-BTC] 설정 로드 완료  |  start_money=300000  |  days_short=3  |  days_long=20
2026-03-06 21:13:57 [INFO] SYSTEM - [main] 프로세스 시작: KRW-ETH (PID: 6380)
2026-03-06 21:13:57 [ERROR] KRW-ETH - [config] config.ini에 [KRW-ETH] 섹션이 없습니다. DEFAULT값 사용.
2026-03-06 21:13:57 [ERROR] KRW-XRP - [config] config.ini에 [KRW-XRP] 섹션이 없습니다. DEFAULT값 사용.
2026-03-06 21:13:57 [INFO] SYSTEM - [main] 프로세스 시작: KRW-XRP (PID: 6381)
2026-03-06 21:13:57 [INFO] KRW-XRP - [KRW-XRP] 설정 로드 완료  |  start_money=300000  |  days_short=3  |  days_long=20
2026-03-06 21:13:57 [INFO] KRW-ETH - [KRW-ETH] 설정 로드 완료  |  start_money=300000  |  days_short=3  |  days_long=20
2026-03-06 21:13:58 [INFO] KRW-XRP - [state] TTL 만료 (25분 경과) → 초기값으로 시작 (KRW-XRP)
2026-03-06 21:13:58 [INFO] KRW-BTC - [state] TTL 만료 (25분 경과) → 초기값으로 시작 (KRW-BTC)
2026-03-06 21:13:58 [INFO] KRW-XRP - [KRW-XRP] Cur Price: 2048.0  |  One Tick: 3  |  Buy Price: 2039.0  |  Buy Amount: 6000
2026-03-06 21:13:58 [INFO] KRW-BTC - [KRW-BTC] Cur Price: 102989000.0  |  One Tick: 360462  |  Buy Price: 101907614.0  |  Buy Amount: 6000
2026-03-06 21:13:58 [INFO] KRW-ETH - [state] TTL 만료 (25분 경과) → 초기값으로 시작 (KRW-ETH)
2026-03-06 21:13:58 [INFO] KRW-ETH - [KRW-ETH] Cur Price: 3010000.0  |  One Tick: 10535  |  Buy Price: 2978395.0  |  Buy Amount: 6000
2026-03-06 21:13:59 [INFO] KRW-XRP - ticker_bithumb : XRP
2026-03-06 21:13:59 [INFO] KRW-BTC - ticker_bithumb : BTC
2026-03-06 21:13:59 [INFO] KRW-ETH - ticker_bithumb : ETH
2026-03-06 21:14:10 [INFO] KRW-ETH - ticker_bithumb : ETH
2026-03-06 21:14:10 [INFO] KRW-XRP - ticker_bithumb : XRP
2026-03-06 21:14:10 [INFO] KRW-BTC - ticker_bithumb : BTC
2026-03-06 21:14:21 [INFO] KRW-XRP - ticker_bithumb : XRP
2026-03-06 21:14:21 [INFO] KRW-ETH - ticker_bithumb : ETH
2026-03-06 21:14:21 [INFO] KRW-BTC - ticker_bithumb : BTC
2026-03-06 21:14:31 [INFO] KRW-BTC - ticker_bithumb : BTC
2026-03-06 21:14:31 [INFO] KRW-ETH - ticker_bithumb : ETH
2026-03-06 21:14:31 [INFO] KRW-XRP - ticker_bithumb : XRP
2026-03-06 21:14:42 [INFO] KRW-ETH - ticker_bithumb : ETH
2026-03-06 21:14:42 [INFO] KRW-BTC - ticker_bithumb : BTC
2026-03-06 21:14:42 [INFO] KRW-XRP - ticker_bithumb : XRP
2026-03-06 21:14:53 [INFO] KRW-XRP - ticker_bithumb : XRP
2026-03-06 21:14:53 [INFO] KRW-BTC - ticker_bithumb : BTC
2026-03-06 21:14:53 [INFO] KRW-ETH - ticker_bithumb : ETH
2026-03-06 21:15:03 [INFO] KRW-ETH - ticker_bithumb : ETH
2026-03-06 21:15:03 [INFO] KRW-BTC - ticker_bithumb : BTC
2026-03-06 21:15:03 [INFO] KRW-XRP - ticker_bithumb : XRP
2026-03-06 21:15:14 [INFO] KRW-BTC - ticker_bithumb : BTC
2026-03-06 21:15:14 [INFO] KRW-ETH - ticker_bithumb : ETH
2026-03-06 21:15:14 [INFO] KRW-XRP - ticker_bithumb : XRP
2026-03-06 21:15:24 [INFO] KRW-BTC - ticker_bithumb : BTC
2026-03-06 21:15:24 [INFO] KRW-ETH - ticker_bithumb : ETH
2026-03-06 21:15:24 [INFO] KRW-XRP - ticker_bithumb : XRP
2026-03-06 21:15:35 [INFO] KRW-BTC - ticker_bithumb : BTC
2026-03-06 21:15:35 [INFO] KRW-ETH - ticker_bithumb : ETH
2026-03-06 21:15:35 [INFO] KRW-XRP - ticker_bithumb : XRP
2026-03-06 21:15:45 [INFO] KRW-BTC - ticker_bithumb : BTC
2026-03-06 21:15:45 [INFO] KRW-ETH - ticker_bithumb : ETH
2026-03-06 21:15:45 [INFO] KRW-XRP - ticker_bithumb : XRP
2026-03-06 21:15:56 [INFO] KRW-BTC - ticker_bithumb : BTC
2026-03-06 21:15:56 [INFO] KRW-ETH - ticker_bithumb : ETH
2026-03-06 21:15:56 [INFO] KRW-XRP - ticker_bithumb : XRP
2026-03-06 21:16:07 [INFO] KRW-BTC - ticker_bithumb : BTC
2026-03-06 21:16:07 [INFO] KRW-ETH - ticker_bithumb : ETH
2026-03-06 21:16:07 [INFO] KRW-XRP - ticker_bithumb : XRP
2026-03-06 21:16:17 [INFO] KRW-BTC - ticker_bithumb : BTC
2026-03-06 21:16:17 [INFO] KRW-ETH - ticker_bithumb : ETH
2026-03-06 21:16:17 [INFO] KRW-XRP - ticker_bithumb : XRP
2026-03-06 21:16:28 [INFO] KRW-BTC - ticker_bithumb : BTC
2026-03-06 21:16:28 [INFO] KRW-XRP - ticker_bithumb : XRP
2026-03-06 21:16:28 [INFO] KRW-ETH - ticker_bithumb : ETH
2026-03-06 21:16:39 [INFO] KRW-ETH - ticker_bithumb : ETH
2026-03-06 21:16:39 [INFO] KRW-BTC - ticker_bithumb : BTC
2026-03-06 21:16:39 [INFO] KRW-XRP - ticker_bithumb : XRP
2026-03-06 21:16:50 [INFO] KRW-XRP - ticker_bithumb : XRP
2026-03-06 21:16:50 [INFO] KRW-ETH - ticker_bithumb : ETH
2026-03-06 21:16:50 [INFO] KRW-BTC - ticker_bithumb : BTC
2026-03-06 21:17:00 [INFO] KRW-ETH - ticker_bithumb : ETH
2026-03-06 21:17:00 [INFO] KRW-XRP - ticker_bithumb : XRP
2026-03-06 21:17:01 [INFO] KRW-BTC - ticker_bithumb : BTC
2026-03-06 21:17:11 [INFO] KRW-ETH - ticker_bithumb : ETH
2026-03-06 21:17:11 [INFO] KRW-BTC - ticker_bithumb : BTC
2026-03-06 21:17:11 [INFO] KRW-XRP - ticker_bithumb : XRP
2026-03-06 21:17:22 [INFO] KRW-BTC - ticker_bithumb : BTC
2026-03-06 21:17:22 [INFO] KRW-ETH - ticker_bithumb : ETH
2026-03-06 21:17:22 [INFO] KRW-XRP - ticker_bithumb : XRP
2026-03-06 21:17:33 [INFO] KRW-BTC - ticker_bithumb : BTC
2026-03-06 21:17:33 [INFO] KRW-XRP - ticker_bithumb : XRP
2026-03-06 21:17:33 [INFO] KRW-ETH - ticker_bithumb : ETH
2026-03-06 21:17:44 [INFO] KRW-ETH - ticker_bithumb : ETH
2026-03-06 21:17:44 [INFO] KRW-BTC - ticker_bithumb : BTC
2026-03-06 21:17:44 [INFO] KRW-XRP - ticker_bithumb : XRP
